Process
=======
compile

Command Line
============
/usr/lib/jvm/graalvm-svm-java17-linux-gluon-22.1.0.1-Final/bin/native-image -Djdk.internal.lambda.eagerlyInitialize=false --no-server -H:+SharedLibrary -H:+AddAllCharsets -H:+ReportExceptionStackTraces -H:-DeadlockWatchdogExitOnTimeout -H:DeadlockWatchdogInterval=0 -H:+RemoveSaturatedTypeFlows -H:+ExitAfterRelocatableImageWrite --features=org.graalvm.home.HomeFinderFeature -H:TempDirectory=/mnt/2107E4E97E4688B5/Ngoprek/gluon-days/target/gluonfx/aarch64-android/gvm/tmp -H:EnableURLProtocols=http,https --initialize-at-build-time=com.gluonhq.charm.glisten.visual.MaterialDesignIcon -H:ReflectionConfigurationFiles=/mnt/2107E4E97E4688B5/Ngoprek/gluon-days/target/gluonfx/aarch64-android/gvm/reflectionconfig-aarch64-android.json -H:JNIConfigurationFiles=/mnt/2107E4E97E4688B5/Ngoprek/gluon-days/target/gluonfx/aarch64-android/gvm/jniconfig-aarch64-android.json -H:ResourceConfigurationFiles=/mnt/2107E4E97E4688B5/Ngoprek/gluon-days/target/gluonfx/aarch64-android/gvm/resourceconfig-aarch64-android.json -H:-SpawnIsolates -Dsvm.targetArch=aarch64 -H:+ForceNoROSectionRelocations --libc=bionic -H:+UseCAPCache -H:CAPCacheDir=/mnt/2107E4E97E4688B5/Ngoprek/gluon-days/target/gluonfx/aarch64-android/gvm/capcache -H:CompilerBackend=lir -H:IncludeResourceBundles=com.hyvercode.gluondays.main,com/sun/javafx/scene/control/skin/resources/controls,com/sun/javafx/scene/control/skin/resources/controls-nt,com.sun.javafx.tk.quantum.QuantumMessagesBundle -Dsvm.platform=org.graalvm.nativeimage.Platform$LINUX_AARCH64 -cp /home/user/.m2/repository/com/gluonhq/substrate/0.0.61/substrate-0.0.61.jar:/mnt/2107E4E97E4688B5/Ngoprek/gluon-days/target/gluonfx/aarch64-android/gvm/tmp/classpathJar.jar com.hyvercode.gluondays.Main

Output
======
Warning: Ignoring server-mode native-image argument --no-server.
========================================================================================================================
GraalVM Native Image: Generating 'com.hyvercode.gluondays.main' (shared library)...
========================================================================================================================
[1/7] Initializing...                                                                                   (19.3s @ 0.16GB)
 Version info: 'GraalVM 22.1.0.1 Java 17 CE'
 Garbage collector: Serial GC
[2/7] Performing analysis...  [**********]                                                             (443.0s @ 2.71GB)
  12,473 (90.89%) of 13,723 classes reachable
  22,234 (65.92%) of 33,727 fields reachable
  61,030 (64.70%) of 94,328 methods reachable
     662 classes,   189 fields, and 2,165 methods registered for reflection
     111 classes,   129 fields, and   186 methods registered for JNI access
[3/7] Building universe...                                                                              (28.9s @ 3.55GB)
[4/7] Parsing methods...      [******]                                                                  (39.5s @ 2.24GB)
[5/7] Inlining methods...     [****]                                                                    (39.3s @ 1.90GB)
[6/7] Compiling methods...    [*****************]                                                      (290.6s @ 2.50GB)

------------------------------------------------------------------------------------------------------------------------
                        71.5s (7.9% of total time) in 35 GCs | Peak RSS: 6.61GB | CPU load: 2.57
------------------------------------------------------------------------------------------------------------------------
Produced artifacts:
 /mnt/2107E4E97E4688B5/Ngoprek/gluon-days/target/gluonfx/aarch64-android/gvm/My Gluon Application Days/com.hyvercode.gluondays.main.h (header)
 /mnt/2107E4E97E4688B5/Ngoprek/gluon-days/target/gluonfx/aarch64-android/gvm/My Gluon Application Days/graal_isolate.h (header)
 /mnt/2107E4E97E4688B5/Ngoprek/gluon-days/target/gluonfx/aarch64-android/gvm/My Gluon Application Days/com.hyvercode.gluondays.main_dynamic.h (header)
 /mnt/2107E4E97E4688B5/Ngoprek/gluon-days/target/gluonfx/aarch64-android/gvm/My Gluon Application Days/graal_isolate_dynamic.h (header)
 /mnt/2107E4E97E4688B5/Ngoprek/gluon-days/target/gluonfx/aarch64-android/gvm/My Gluon Application Days/com.hyvercode.gluondays.main.build_artifacts.txt
========================================================================================================================
Finished generating 'com.hyvercode.gluondays.main' in 15m 5s.


Result
======
result: 0